<?xml version="1.0" encoding="UTF-8"?>
<testsuite name="calculateDamageTest" tests="23" skipped="0" failures="0" errors="0" timestamp="2021-06-04T00:46:49" hostname="tony-ThinkPad-X380-Yoga" time="0.054">
  <properties/>
  <testcase name="AvsSRainyFire" classname="calculateDamageTest" time="0.026"/>
  <testcase name="AvsBNeutralWater" classname="calculateDamageTest" time="0.001"/>
  <testcase name="SvsRSunnyGround" classname="calculateDamageTest" time="0.001"/>
  <testcase name="SvsRNeutralFire" classname="calculateDamageTest" time="0.001"/>
  <testcase name="AvsBNeutralGround" classname="calculateDamageTest" time="0.001"/>
  <testcase name="BvsSNeutralNone" classname="calculateDamageTest" time="0.001"/>
  <testcase name="RvsBDroughtWater" classname="calculateDamageTest" time="0.001"/>
  <testcase name="SvsBSunnyFire" classname="calculateDamageTest" time="0.001"/>
  <testcase name="AvsASunnyGround" classname="calculateDamageTest" time="0.001"/>
  <testcase name="RvsASunnyNormal" classname="calculateDamageTest" time="0.001"/>
  <testcase name="RvsADroughtGround" classname="calculateDamageTest" time="0.001"/>
  <testcase name="BvsSNeutralGround" classname="calculateDamageTest" time="0.0"/>
  <testcase name="BvsBNeutralGround" classname="calculateDamageTest" time="0.0"/>
  <testcase name="SvsBDroughtGround" classname="calculateDamageTest" time="0.001"/>
  <testcase name="B200vsSNeutralGround" classname="calculateDamageTest" time="0.001"/>
  <testcase name="SvsASunnyGround" classname="calculateDamageTest" time="0.003"/>
  <testcase name="SvsBSunnyGround" classname="calculateDamageTest" time="0.001"/>
  <testcase name="AvsBRAinyWater" classname="calculateDamageTest" time="0.001"/>
  <testcase name="AvsBRainyGround" classname="calculateDamageTest" time="0.0"/>
  <testcase name="AvsRSunnyFire" classname="calculateDamageTest" time="0.0"/>
  <testcase name="RvsSSunnyNormal" classname="calculateDamageTest" time="0.001"/>
  <testcase name="SvsBDroughtFire" classname="calculateDamageTest" time="0.001"/>
  <testcase name="SvsRNeutralGround" classname="calculateDamageTest" time="0.001"/>
  <system-out><![CDATA[    AvsSRainyFire
         Damage dealt: 71.0
    AvsBNeutralWater
         Damage dealt: 32.0
    SvsRSunnyGround
         Damage dealt: 61.0
    SvsRNeutralFire
         Damage dealt: 56.0
    AvsBNeutralGround
         Damage dealt: 20.0
    BvsSNeutralNone
         Damage dealt: 0.0
    RvsBDroughtWater
         Damage dealt: 8.0
    SvsBSunnyFire
         Damage dealt: 65.0
    AvsASunnyGround
         Damage dealt: 15.0
    RvsASunnyNormal
         Damage dealt: 15.0
    RvsADroughtGround
         Damage dealt: 26.0
    BvsSNeutralGround
         Damage dealt: 1.0
    BvsBNeutralGround
         Damage dealt: 0.0
    SvsBDroughtGround
         Damage dealt: 40.0
    BvsSNeutralGround
         Damage dealt: 160.0
    SvsASunnyGround
         Damage dealt: 28.0
    SvsBSunnyGround
         Damage dealt: 48.0
    AvsBRAinyWater
         Damage dealt: 50.0
    AvsBRainyGround
         Damage dealt: 35.0
    AvsRSunnyFire
         Damage dealt: 1.0
    RvsSSunnyNormal
         Damage dealt: 1.0
    SvsBDroughtFire
         Damage dealt: 54.0
    SvsRNeutralGround
         Damage dealt: 39.0
]]></system-out>
  <system-err><![CDATA[]]></system-err>
</testsuite>
